Determining if the pthread_create exist failed with the following output:
Change Dir: /home/philipp/Dokumente/Fs2/Programmiersprachen/programmiersprachen-aufgabenblatt-4/build/CMakeFiles/CMakeTmp

Run Build Command:"/usr/bin/make" "cmTC_291ea/fast"
/usr/bin/make -f CMakeFiles/cmTC_291ea.dir/build.make CMakeFiles/cmTC_291ea.dir/build
make[1]: Verzeichnis „/home/philipp/Dokumente/Fs2/Programmiersprachen/programmiersprachen-aufgabenblatt-4/build/CMakeFiles/CMakeTmp“ wird betreten
Building C object CMakeFiles/cmTC_291ea.dir/CheckSymbolExists.c.o
/usr/bin/cc     -o CMakeFiles/cmTC_291ea.dir/CheckSymbolExists.c.o   -c /home/philipp/Dokumente/Fs2/Programmiersprachen/programmiersprachen-aufgabenblatt-4/build/CMakeFiles/CMakeTmp/CheckSymbolExists.c
Linking C executable cmTC_291ea
/usr/bin/cmake -E cmake_link_script CMakeFiles/cmTC_291ea.dir/link.txt --verbose=1
/usr/bin/cc       CMakeFiles/cmTC_291ea.dir/CheckSymbolExists.c.o  -o cmTC_291ea -rdynamic 
CMakeFiles/cmTC_291ea.dir/CheckSymbolExists.c.o: In Funktion `main':
CheckSymbolExists.c:(.text+0x16): Nicht definierter Verweis auf `pthread_create'
collect2: error: ld returned 1 exit status
CMakeFiles/cmTC_291ea.dir/build.make:97: die Regel für Ziel „cmTC_291ea“ scheiterte
make[1]: *** [cmTC_291ea] Fehler 1
make[1]: Verzeichnis „/home/philipp/Dokumente/Fs2/Programmiersprachen/programmiersprachen-aufgabenblatt-4/build/CMakeFiles/CMakeTmp“ wird verlassen
Makefile:126: die Regel für Ziel „cmTC_291ea/fast“ scheiterte
make: *** [cmTC_291ea/fast] Fehler 2

File /home/philipp/Dokumente/Fs2/Programmiersprachen/programmiersprachen-aufgabenblatt-4/build/CMakeFiles/CMakeTmp/CheckSymbolExists.c:
/* */
#include <pthread.h>

int main(int argc, char** argv)
{
  (void)argv;
#ifndef pthread_create
  return ((int*)(&pthread_create))[argc];
#else
  (void)argc;
  return 0;
#endif
}

Determining if the function pthread_create exists in the pthreads failed with the following output:
Change Dir: /home/philipp/Dokumente/Fs2/Programmiersprachen/programmiersprachen-aufgabenblatt-4/build/CMakeFiles/CMakeTmp

Run Build Command:"/usr/bin/make" "cmTC_86b49/fast"
/usr/bin/make -f CMakeFiles/cmTC_86b49.dir/build.make CMakeFiles/cmTC_86b49.dir/build
make[1]: Verzeichnis „/home/philipp/Dokumente/Fs2/Programmiersprachen/programmiersprachen-aufgabenblatt-4/build/CMakeFiles/CMakeTmp“ wird betreten
Building C object CMakeFiles/cmTC_86b49.dir/CheckFunctionExists.c.o
/usr/bin/cc    -DCHECK_FUNCTION_EXISTS=pthread_create   -o CMakeFiles/cmTC_86b49.dir/CheckFunctionExists.c.o   -c /usr/share/cmake-3.5/Modules/CheckFunctionExists.c
Linking C executable cmTC_86b49
/usr/bin/cmake -E cmake_link_script CMakeFiles/cmTC_86b49.dir/link.txt --verbose=1
/usr/bin/cc   -DCHECK_FUNCTION_EXISTS=pthread_create    CMakeFiles/cmTC_86b49.dir/CheckFunctionExists.c.o  -o cmTC_86b49 -rdynamic -lpthreads 
/usr/bin/x86_64-linux-gnu-ld: cannot find -lpthreads
collect2: error: ld returned 1 exit status
CMakeFiles/cmTC_86b49.dir/build.make:97: die Regel für Ziel „cmTC_86b49“ scheiterte
make[1]: *** [cmTC_86b49] Fehler 1
make[1]: Verzeichnis „/home/philipp/Dokumente/Fs2/Programmiersprachen/programmiersprachen-aufgabenblatt-4/build/CMakeFiles/CMakeTmp“ wird verlassen
Makefile:126: die Regel für Ziel „cmTC_86b49/fast“ scheiterte
make: *** [cmTC_86b49/fast] Fehler 2


